{"/home/jaques/learn/nodejs/tajs/modulo04-tdd-bdd/aula01-TDD/src/api.js": {"path":"/home/jaques/learn/nodejs/tajs/modulo04-tdd-bdd/aula01-TDD/src/api.js","all":false,"statementMap":{"0":{"start":{"line":1,"column":0},"end":{"line":1,"column":40}},"1":{"start":{"line":2,"column":0},"end":{"line":2,"column":34}},"2":{"start":{"line":3,"column":0},"end":{"line":3,"column":40}},"3":{"start":{"line":4,"column":0},"end":{"line":4,"column":18}},"4":{"start":{"line":5,"column":0},"end":{"line":5,"column":0}},"5":{"start":{"line":6,"column":0},"end":{"line":6,"column":36}},"6":{"start":{"line":7,"column":0},"end":{"line":7,"column":75}},"7":{"start":{"line":8,"column":0},"end":{"line":8,"column":52}},"8":{"start":{"line":9,"column":0},"end":{"line":9,"column":46}},"9":{"start":{"line":10,"column":0},"end":{"line":10,"column":35}},"10":{"start":{"line":11,"column":0},"end":{"line":11,"column":19}},"11":{"start":{"line":12,"column":0},"end":{"line":12,"column":53}},"12":{"start":{"line":13,"column":0},"end":{"line":13,"column":5}},"13":{"start":{"line":14,"column":0},"end":{"line":14,"column":1}},"14":{"start":{"line":15,"column":0},"end":{"line":15,"column":49}},"15":{"start":{"line":16,"column":0},"end":{"line":16,"column":9}},"16":{"start":{"line":17,"column":0},"end":{"line":17,"column":0}},"17":{"start":{"line":18,"column":0},"end":{"line":18,"column":0}},"18":{"start":{"line":19,"column":0},"end":{"line":19,"column":60}},"19":{"start":{"line":20,"column":0},"end":{"line":20,"column":60}},"20":{"start":{"line":21,"column":0},"end":{"line":21,"column":103}},"21":{"start":{"line":22,"column":0},"end":{"line":22,"column":37}},"22":{"start":{"line":23,"column":0},"end":{"line":23,"column":69}},"23":{"start":{"line":24,"column":0},"end":{"line":24,"column":36}},"24":{"start":{"line":25,"column":0},"end":{"line":25,"column":34}},"25":{"start":{"line":26,"column":0},"end":{"line":26,"column":15}},"26":{"start":{"line":27,"column":0},"end":{"line":27,"column":19}},"27":{"start":{"line":28,"column":0},"end":{"line":28,"column":9}},"28":{"start":{"line":29,"column":0},"end":{"line":29,"column":67}},"29":{"start":{"line":30,"column":0},"end":{"line":30,"column":47}},"30":{"start":{"line":31,"column":0},"end":{"line":31,"column":61}},"31":{"start":{"line":32,"column":0},"end":{"line":32,"column":41}},"32":{"start":{"line":33,"column":0},"end":{"line":33,"column":19}},"33":{"start":{"line":34,"column":0},"end":{"line":34,"column":9}},"34":{"start":{"line":35,"column":0},"end":{"line":35,"column":0}},"35":{"start":{"line":36,"column":0},"end":{"line":36,"column":21}},"36":{"start":{"line":37,"column":0},"end":{"line":37,"column":45}},"37":{"start":{"line":38,"column":0},"end":{"line":38,"column":32}},"38":{"start":{"line":39,"column":0},"end":{"line":39,"column":49}},"39":{"start":{"line":40,"column":0},"end":{"line":40,"column":14}},"40":{"start":{"line":41,"column":0},"end":{"line":41,"column":36}},"41":{"start":{"line":42,"column":0},"end":{"line":42,"column":38}},"42":{"start":{"line":43,"column":0},"end":{"line":43,"column":15}},"43":{"start":{"line":44,"column":0},"end":{"line":44,"column":19}},"44":{"start":{"line":45,"column":0},"end":{"line":45,"column":9}},"45":{"start":{"line":46,"column":0},"end":{"line":46,"column":26}},"46":{"start":{"line":47,"column":0},"end":{"line":47,"column":33}},"47":{"start":{"line":48,"column":0},"end":{"line":48,"column":5}},"48":{"start":{"line":49,"column":0},"end":{"line":49,"column":26}},"49":{"start":{"line":50,"column":0},"end":{"line":50,"column":2}},"50":{"start":{"line":51,"column":0},"end":{"line":51,"column":0}},"51":{"start":{"line":52,"column":0},"end":{"line":52,"column":17}}},"s":{"0":1,"1":1,"2":1,"3":1,"4":1,"5":4,"6":4,"7":4,"8":4,"9":4,"10":1,"11":1,"12":1,"13":4,"14":1,"15":7,"16":7,"17":7,"18":7,"19":4,"20":4,"21":4,"22":4,"23":4,"24":4,"25":4,"26":4,"27":4,"28":7,"29":3,"30":3,"31":3,"32":3,"33":3,"34":7,"35":7,"36":1,"37":1,"38":1,"39":1,"40":1,"41":1,"42":1,"43":1,"44":1,"45":0,"46":0,"47":0,"48":0,"49":0,"50":1,"51":1},"branchMap":{"0":{"type":"branch","line":6,"loc":{"start":{"line":6,"column":0},"end":{"line":14,"column":1}},"locations":[{"start":{"line":6,"column":0},"end":{"line":14,"column":1}}]},"1":{"type":"branch","line":8,"loc":{"start":{"line":8,"column":17},"end":{"line":8,"column":30}},"locations":[{"start":{"line":8,"column":17},"end":{"line":8,"column":30}}]},"2":{"type":"branch","line":8,"loc":{"start":{"line":8,"column":32},"end":{"line":8,"column":52}},"locations":[{"start":{"line":8,"column":32},"end":{"line":8,"column":52}}]},"3":{"type":"branch","line":9,"loc":{"start":{"line":9,"column":-1},"end":{"line":9,"column":21}},"locations":[{"start":{"line":9,"column":-1},"end":{"line":9,"column":21}}]},"4":{"type":"branch","line":9,"loc":{"start":{"line":9,"column":17},"end":{"line":9,"column":30}},"locations":[{"start":{"line":9,"column":17},"end":{"line":9,"column":30}}]},"5":{"type":"branch","line":9,"loc":{"start":{"line":9,"column":32},"end":{"line":9,"column":46}},"locations":[{"start":{"line":9,"column":32},"end":{"line":9,"column":46}}]},"6":{"type":"branch","line":10,"loc":{"start":{"line":10,"column":-1},"end":{"line":10,"column":19}},"locations":[{"start":{"line":10,"column":-1},"end":{"line":10,"column":19}}]},"7":{"type":"branch","line":10,"loc":{"start":{"line":10,"column":19},"end":{"line":13,"column":5}},"locations":[{"start":{"line":10,"column":19},"end":{"line":13,"column":5}}]},"8":{"type":"branch","line":15,"loc":{"start":{"line":15,"column":28},"end":{"line":50,"column":2}},"locations":[{"start":{"line":15,"column":28},"end":{"line":50,"column":2}}]},"9":{"type":"branch","line":19,"loc":{"start":{"line":19,"column":32},"end":{"line":19,"column":57}},"locations":[{"start":{"line":19,"column":32},"end":{"line":19,"column":57}}]},"10":{"type":"branch","line":19,"loc":{"start":{"line":19,"column":59},"end":{"line":28,"column":9}},"locations":[{"start":{"line":19,"column":59},"end":{"line":28,"column":9}}]},"11":{"type":"branch","line":28,"loc":{"start":{"line":28,"column":8},"end":{"line":29,"column":64}},"locations":[{"start":{"line":28,"column":8},"end":{"line":29,"column":64}}]},"12":{"type":"branch","line":29,"loc":{"start":{"line":29,"column":66},"end":{"line":34,"column":9}},"locations":[{"start":{"line":29,"column":66},"end":{"line":34,"column":9}}]},"13":{"type":"branch","line":36,"loc":{"start":{"line":36,"column":6},"end":{"line":48,"column":5}},"locations":[{"start":{"line":36,"column":6},"end":{"line":48,"column":5}}]},"14":{"type":"branch","line":45,"loc":{"start":{"line":45,"column":8},"end":{"line":48,"column":5}},"locations":[{"start":{"line":45,"column":8},"end":{"line":48,"column":5}}]},"15":{"type":"branch","line":48,"loc":{"start":{"line":48,"column":4},"end":{"line":50,"column":2}},"locations":[{"start":{"line":48,"column":4},"end":{"line":50,"column":2}}]},"16":{"type":"branch","line":31,"loc":{"start":{"line":31,"column":38},"end":{"line":31,"column":60}},"locations":[{"start":{"line":31,"column":38},"end":{"line":31,"column":60}}]}},"b":{"0":[4],"1":[3],"2":[1],"3":[3],"4":[2],"5":[1],"6":[2],"7":[1],"8":[7],"9":[4],"10":[4],"11":[3],"12":[3],"13":[1],"14":[0],"15":[0],"16":[6]},"fnMap":{"0":{"name":"getUserCategory","decl":{"start":{"line":6,"column":0},"end":{"line":14,"column":1}},"loc":{"start":{"line":6,"column":0},"end":{"line":14,"column":1}},"line":6}},"f":{"0":4}}
}
