TN:
SF:src/api.js
FN:6,getUserCategory
FNF:1
FNH:1
FNDA:4,getUserCategory
DA:1,1
DA:2,1
DA:3,1
DA:4,1
DA:5,1
DA:6,4
DA:7,4
DA:8,4
DA:9,4
DA:10,4
DA:11,1
DA:12,1
DA:13,1
DA:14,4
DA:15,1
DA:16,7
DA:17,7
DA:18,7
DA:19,7
DA:20,4
DA:21,4
DA:22,4
DA:23,4
DA:24,4
DA:25,4
DA:26,4
DA:27,4
DA:28,4
DA:29,7
DA:30,3
DA:31,3
DA:32,3
DA:33,3
DA:34,3
DA:35,7
DA:36,7
DA:37,1
DA:38,1
DA:39,1
DA:40,1
DA:41,1
DA:42,1
DA:43,1
DA:44,1
DA:45,1
DA:46,0
DA:47,0
DA:48,0
DA:49,0
DA:50,0
DA:51,1
DA:52,1
LF:52
LH:47
BRDA:6,0,0,4
BRDA:8,1,0,3
BRDA:8,2,0,1
BRDA:9,3,0,3
BRDA:9,4,0,2
BRDA:9,5,0,1
BRDA:10,6,0,2
BRDA:10,7,0,1
BRDA:15,8,0,7
BRDA:19,9,0,4
BRDA:19,10,0,4
BRDA:28,11,0,3
BRDA:29,12,0,3
BRDA:36,13,0,1
BRDA:45,14,0,0
BRDA:48,15,0,0
BRDA:31,16,0,6
BRF:17
BRH:15
end_of_record
