TN:
SF:public/src/view.js
FN:2,<instance_members_initializer>
FN:7,#submitFn
FN:9,View
FN:11,initialize
FN:20,#onSubmit
FN:50,configureOnSubmit
FN:59,updateList
FN:60,template
FNF:8
FNH:4
FNDA:2,<instance_members_initializer>
FNDA:0,#submitFn
FNDA:2,View
FNDA:0,initialize
FNDA:0,#onSubmit
FNDA:0,configureOnSubmit
FNDA:2,updateList
FNDA:2,template
DA:1,1
DA:2,1
DA:3,2
DA:4,2
DA:5,2
DA:6,2
DA:7,2
DA:8,2
DA:9,2
DA:10,2
DA:11,2
DA:12,0
DA:13,0
DA:14,0
DA:15,0
DA:16,2
DA:17,2
DA:18,2
DA:19,2
DA:20,2
DA:21,0
DA:22,0
DA:23,0
DA:24,0
DA:25,0
DA:26,0
DA:27,0
DA:28,0
DA:29,0
DA:30,0
DA:31,0
DA:32,0
DA:33,0
DA:34,0
DA:35,0
DA:36,0
DA:37,0
DA:38,0
DA:39,0
DA:40,0
DA:41,0
DA:42,0
DA:43,0
DA:44,0
DA:45,0
DA:46,0
DA:47,2
DA:48,2
DA:49,2
DA:50,2
DA:51,0
DA:52,0
DA:53,2
DA:54,2
DA:55,2
DA:56,2
DA:57,2
DA:58,2
DA:59,2
DA:60,2
DA:61,2
DA:62,2
DA:63,2
DA:64,2
DA:65,2
DA:66,2
DA:67,2
DA:68,2
DA:69,2
DA:70,2
DA:71,2
DA:72,2
DA:73,2
DA:74,2
DA:75,2
DA:76,2
DA:77,2
LF:77
LH:45
BRDA:2,0,0,2
BRDA:9,1,0,2
BRDA:59,2,0,2
BRDA:60,3,0,2
BRF:4
BRH:4
end_of_record
